Thu Dec  8 21:00:39 2022: [Errno 2] No such file or directory: './slider_puzzle_project_fall2021_assets-2022/sss.puz'. LOCATION: load_click()
Thu Dec  8 21:09:03 2022: [Errno 2] No such file or directory: './slider_puzzle_project_fall2021_assets-2022/jjj.puz'. LOCATION: load_click()
Thu Dec  8 21:09:29 2022: . LOCATION: load_click()
Thu Dec  8 21:11:05 2022: Malformed meta data, please refer to the example!. LOCATION: load_click()
Thu Dec  8 21:14:16 2022: [Errno 2] No such file or directory: './slider_puzzle_project_fall2021_assets-2022/yyy.puz'. LOCATION: load_click()
Thu Dec  8 21:14:42 2022: ./slider_puzzle_project_fall2021_assets-2022/Images/marios_not_here/16.gif <-- Cannot find this file!. LOCATION: load_click()
Thu Dec  8 21:23:33 2022: [Errno 2] No such file or directory: './slider_puzzle_project_fall2021_assets-2022/fifteen.py.puz'. LOCATION: load_click()
Thu Dec  8 21:54:59 2022: [Errno 2] No such file or directory: './slider_puzzle_project_fall2021_assets-2022/sss.puz'. LOCATION: load_click()
Thu Dec  8 21:55:23 2022: ./slider_puzzle_project_fall2021_assets-2022/Images/marios_not_here/16.gif <-- Cannot find this file!. LOCATION: load_click()
Thu Dec  8 21:59:59 2022: Puzzle size should be 4, 9 or 16.. LOCATION: load_click()
Thu Dec  8 23:08:03 2022: [Errno 2] No such file or directory: './slider_puzzle_project_fall2021_assets-2022/ddd.puz'. LOCATION: load_click()
Thu Dec  8 23:08:11 2022: ./slider_puzzle_project_fall2021_assets-2022/Images/marios_not_here/16.gif <-- Cannot find this file!. LOCATION: load_click()
Fri Dec  9 00:08:51 2022: [Errno 2] No such file or directory: './slider_puzzle_project_fall2021_assets-2022/ddd.puz'. LOCATION: load_click()
Fri Dec  9 01:49:27 2022: [Errno 2] No such file or directory: './slider_puzzle_project_fall2021_assets-2022/jjj.puz'. LOCATION: load_click()
Fri Dec  9 01:49:45 2022: ./slider_puzzle_project_fall2021_assets-2022/Images/marios_not_here/16.gif <-- Cannot find this file!. LOCATION: load_click()
Fri Dec  9 10:57:10 2022: [Errno 2] No such file or directory: './slider_puzzle_project_fall2021_assets-2022/mario.puz'. LOCATION: load_click()
Fri Dec  9 10:58:16 2022: [Errno 2] No such file or directory: './ddd.puz'. LOCATION: load_click()
Fri Dec  9 10:58:24 2022: ./Images/marios_not_here/16.gif <-- Cannot find this file!. LOCATION: load_click()
Fri Dec  9 11:00:07 2022: [Errno 2] No such file or directory: './dasdd.puz'. LOCATION: load_click()
Fri Dec  9 11:00:14 2022: ./Images/marios_not_here/16.gif <-- Cannot find this file!. LOCATION: load_click()
Fri Dec  9 12:00:43 2022: [Errno 2] No such file or directory: './owen_silson.puz'. LOCATION: load_click()
